0 info it worked if it ends with ok
1 verbose cli [ '/usr/local/bin/node',
1 verbose cli   '/usr/local/bin/npm',
1 verbose cli   'install',
1 verbose cli   '-g',
1 verbose cli   'http://github.com/jashkenas/coffee-script/tarball/master' ]
2 info using npm@1.1.59
3 info using node@v0.8.8
4 verbose read json /usr/local/lib/package.json
5 verbose read json /usr/local/lib/package.json
6 verbose cache add [ 'http://github.com/jashkenas/coffee-script/tarball/master',
6 verbose cache add   null ]
7 silly cache add name=undefined spec="http://github.com/jashkenas/coffee-script/tarball/master" args=["http://github.com/jashkenas/coffee-script/tarball/master",null]
8 verbose parsed url { protocol: 'http:',
8 verbose parsed url   slashes: true,
8 verbose parsed url   host: 'github.com',
8 verbose parsed url   hostname: 'github.com',
8 verbose parsed url   href: 'http://github.com/jashkenas/coffee-script/tarball/master',
8 verbose parsed url   pathname: '/jashkenas/coffee-script/tarball/master',
8 verbose parsed url   path: '/jashkenas/coffee-script/tarball/master' }
9 silly lockFile 6e14d3f5-nas-coffee-script-tarball-master http://github.com/jashkenas/coffee-script/tarball/master
10 verbose lock http://github.com/jashkenas/coffee-script/tarball/master /home/shiyang/.npm/6e14d3f5-nas-coffee-script-tarball-master.lock
11 verbose addRemoteTarball [ 'http://github.com/jashkenas/coffee-script/tarball/master',
11 verbose addRemoteTarball   null ]
12 info retry fetch attempt 1 at 21:40:27
13 verbose fetch to= /home/shiyang/tmp/npm-28323/1351518027685-0.404050832381472/tmp.tgz
14 http GET http://github.com/jashkenas/coffee-script/tarball/master
15 error fetch failed http://github.com/jashkenas/coffee-script/tarball/master
16 info retry will retry, error on last attempt: Error: SSL Error: UNABLE_TO_VERIFY_LEAF_SIGNATURE
17 info retry fetch attempt 2 at 21:40:39
18 verbose fetch to= /home/shiyang/tmp/npm-28323/1351518027685-0.404050832381472/tmp.tgz
19 http GET http://github.com/jashkenas/coffee-script/tarball/master
20 error fetch failed http://github.com/jashkenas/coffee-script/tarball/master
21 info retry will retry, error on last attempt: Error: SSL Error: UNABLE_TO_VERIFY_LEAF_SIGNATURE
22 info retry fetch attempt 3 at 21:41:40
23 verbose fetch to= /home/shiyang/tmp/npm-28323/1351518027685-0.404050832381472/tmp.tgz
24 http GET http://github.com/jashkenas/coffee-script/tarball/master
25 error fetch failed http://github.com/jashkenas/coffee-script/tarball/master
26 silly lockFile 6e14d3f5-nas-coffee-script-tarball-master http://github.com/jashkenas/coffee-script/tarball/master
27 error Error: SSL Error: UNABLE_TO_VERIFY_LEAF_SIGNATURE
27 error     at ClientRequest.<anonymous> (/usr/local/lib/node_modules/npm/node_modules/request/main.js:525:26)
27 error     at ClientRequest.g (events.js:185:14)
27 error     at ClientRequest.EventEmitter.emit (events.js:88:17)
27 error     at HTTPParser.parserOnIncomingClient (http.js:1455:7)
27 error     at HTTPParser.parserOnHeadersComplete [as onHeadersComplete] (http.js:111:23)
27 error     at CleartextStream.socketOnData (http.js:1366:20)
27 error     at CleartextStream.CryptoStream._push (tls.js:495:27)
27 error     at SecurePair.cycle (tls.js:849:20)
27 error     at EncryptedStream.CryptoStream.write (tls.js:230:13)
27 error     at Socket.ondata (stream.js:38:26)
28 error If you need help, you may report this log at:
28 error     <http://github.com/isaacs/npm/issues>
28 error or email it to:
28 error     <npm-@googlegroups.com>
29 error System Linux 3.2.0-31-generic
30 error command "/usr/local/bin/node" "/usr/local/bin/npm" "install" "-g" "http://github.com/jashkenas/coffee-script/tarball/master"
31 error cwd /home/shiyang/www/Zonda-Demo/Zonda/util/0.1.0/src/verify
32 error node -v v0.8.8
33 error npm -v 1.1.59
34 verbose exit [ 1, true ]
